c:\users\mattl\source\repos\research\research\debug\vc142.pdb
c:\users\mattl\source\repos\research\research\debug\vc142.idb
c:\users\mattl\source\repos\research\research\debug\unittest.obj
c:\users\mattl\source\repos\research\research\debug\topic.obj
c:\users\mattl\source\repos\research\research\debug\testresearchplan.obj
c:\users\mattl\source\repos\research\research\debug\testencyclopedia.obj
c:\users\mattl\source\repos\research\research\debug\researchplan.obj
c:\users\mattl\source\repos\research\research\debug\permittedresearch.obj
c:\users\mattl\source\repos\research\research\debug\memorychecked.obj
c:\users\mattl\source\repos\research\research\debug\encyclopedia.obj
c:\users\mattl\source\repos\research\debug\research.pdb
c:\users\mattl\source\repos\research\research\debug\research.tlog\cl.command.1.tlog
c:\users\mattl\source\repos\research\research\debug\research.tlog\cl.read.1.tlog
c:\users\mattl\source\repos\research\research\debug\research.tlog\cl.write.1.tlog
c:\users\mattl\source\repos\research\research\debug\research.tlog\link-cvtres.read.1.tlog
c:\users\mattl\source\repos\research\research\debug\research.tlog\link-cvtres.write.1.tlog
c:\users\mattl\source\repos\research\research\debug\research.tlog\link-rc.read.1.tlog
c:\users\mattl\source\repos\research\research\debug\research.tlog\link-rc.write.1.tlog
c:\users\mattl\source\repos\research\research\debug\research.tlog\link.command.1.tlog
c:\users\mattl\source\repos\research\research\debug\research.tlog\link.read.1.tlog
c:\users\mattl\source\repos\research\research\debug\research.tlog\link.write.1.tlog
